
6월 05, 2019 12:44:50.62 NEW SESSION
6월 05, 2019 12:44:50.62 [14688:6124:0605/124450.619:ERROR:http_bridge.cc(110)] NOT IMPLEMENTED
6월 05, 2019 12:44:50.66 [14688:14056:0605/124450.667:ERROR:browser_process_sub_thread.cc(221)] Waited 17 ms for network service
6월 05, 2019 12:44:50.73 
6월 05, 2019 12:44:50.73 KLIB_SelfTest return : KLR_OK
6월 05, 2019 14:19:15.41 [14964:2384:0605/141915.413:ERROR:textfield.cc(1758)] NOT IMPLEMENTED

6월 13, 2019 09:40:41.47 NEW SESSION
6월 13, 2019 09:40:41.47 [12132:12052:0613/094041.468:ERROR:http_bridge.cc(110)] NOT IMPLEMENTED
6월 13, 2019 09:40:41.51 [12132:7004:0613/094041.511:ERROR:browser_process_sub_thread.cc(221)] Waited 14 ms for network service
6월 13, 2019 09:40:41.56 
6월 13, 2019 09:40:41.56 KLIB_SelfTest return : KLR_OK
6월 13, 2019 09:54:50.17 [12048:13020:0613/095450.174:ERROR:http_bridge.cc(110)] NOT IMPLEMENTED
6월 13, 2019 09:54:50.23 [12048:12504:0613/095450.237:ERROR:browser_process_sub_thread.cc(221)] Waited 13 ms for network service
6월 13, 2019 09:54:50.30 
6월 13, 2019 09:54:50.30 KLIB_SelfTest return : KLR_OK
6월 13, 2019 09:55:01.98 [11348:6508:0613/095501.980:ERROR:http_bridge.cc(110)] NOT IMPLEMENTED
6월 13, 2019 09:55:02.03 [11348:7232:0613/095502.034:ERROR:browser_process_sub_thread.cc(221)] Waited 23 ms for network service
6월 13, 2019 09:55:02.10 
6월 13, 2019 09:55:02.10 KLIB_SelfTest return : KLR_OK
6월 13, 2019 09:55:30.27 [12464:11996:0613/095530.273:ERROR:http_bridge.cc(110)] NOT IMPLEMENTED
6월 13, 2019 09:55:30.31 [12464:12760:0613/095530.314:ERROR:browser_process_sub_thread.cc(221)] Waited 17 ms for network service
6월 13, 2019 09:55:30.38 
6월 13, 2019 09:55:30.39 KLIB_SelfTest return : KLR_OK
6월 13, 2019 09:57:50.52 [6740:6396:0613/095750.525:ERROR:page_load_metrics_update_dispatcher.cc(151)] Invalid dom_content_loaded_event_start 3.636 s for load_event_start 0.13 s
6월 13, 2019 09:57:51.53 [6740:6396:0613/095751.536:ERROR:page_load_metrics_update_dispatcher.cc(151)] Invalid dom_content_loaded_event_start 3.636 s for load_event_start 0.13 s
6월 13, 2019 12:51:38.42 [6740:5456:0613/125138.420:ERROR:socket_stream.cc(219)] Closing stream with result -2

6월 17, 2019 11:04:59.07 NEW SESSION
6월 17, 2019 11:04:59.07 [884:1528:0617/110459.074:ERROR:browser_process_sub_thread.cc(221)] Waited 12 ms for network service
6월 17, 2019 11:04:59.13 
6월 17, 2019 11:04:59.13 KLIB_SelfTest return : KLR_OK
6월 17, 2019 11:06:59.89 [12408:6852:0617/110659.895:ERROR:browser_process_sub_thread.cc(221)] Waited 16 ms for network service
6월 17, 2019 11:06:59.95 
6월 17, 2019 11:06:59.96 KLIB_SelfTest return : KLR_OK
6월 17, 2019 11:07:43.55 [12108:6380:0617/110743.557:ERROR:browser_process_sub_thread.cc(221)] Waited 18 ms for network service
6월 17, 2019 11:07:43.60 
6월 17, 2019 11:07:43.61 KLIB_SelfTest return : KLR_OK
6월 17, 2019 11:08:55.35 [6464:4448:0617/110855.357:ERROR:browser_process_sub_thread.cc(221)] Waited 18 ms for network service
6월 17, 2019 11:08:55.40 
6월 17, 2019 11:08:55.41 KLIB_SelfTest return : KLR_OK
6월 17, 2019 11:09:27.78 [12832:7884:0617/110927.786:ERROR:browser_process_sub_thread.cc(221)] Waited 17 ms for network service
6월 17, 2019 11:09:27.84 
6월 17, 2019 11:09:27.84 KLIB_SelfTest return : KLR_OK
6월 17, 2019 11:36:33.58 [1060:3036:0617/113633.584:ERROR:browser_process_sub_thread.cc(221)] Waited 7 ms for network service
6월 17, 2019 11:36:33.64 
6월 17, 2019 11:36:33.65 KLIB_SelfTest return : KLR_OK
6월 17, 2019 12:33:03.51 [4380:6484:0617/123303.516:ERROR:browser_process_sub_thread.cc(221)] Waited 35 ms for network service
6월 17, 2019 12:33:03.58 
6월 17, 2019 12:33:03.58 KLIB_SelfTest return : KLR_OK
6월 17, 2019 13:17:01.24 [6304:808:0617/131701.247:ERROR:browser_process_sub_thread.cc(221)] Waited 15 ms for network service
6월 17, 2019 13:17:01.31 
6월 17, 2019 13:17:01.31 KLIB_SelfTest return : KLR_OK
6월 17, 2019 13:17:56.95 [6464:11776:0617/131756.951:ERROR:browser_process_sub_thread.cc(221)] Waited 27 ms for network service
6월 17, 2019 13:17:57.02 
6월 17, 2019 13:17:57.02 KLIB_SelfTest return : KLR_OK
6월 17, 2019 13:56:03.58 [8224:10072:0617/135603.583:ERROR:browser_process_sub_thread.cc(221)] Waited 18 ms for network service
6월 17, 2019 13:56:03.64 
6월 17, 2019 13:56:03.64 KLIB_SelfTest return : KLR_OK

6월 19, 2019 11:37:39.19 NEW SESSION
6월 19, 2019 11:37:39.19 [11340:18648:0619/113739.188:ERROR:http_bridge.cc(110)] NOT IMPLEMENTED
6월 19, 2019 11:37:39.23 [11340:11660:0619/113739.236:ERROR:browser_process_sub_thread.cc(221)] Waited 18 ms for network service
6월 19, 2019 11:37:39.29 
6월 19, 2019 11:37:39.29 KLIB_SelfTest return : KLR_OK
6월 19, 2019 13:53:16.92 [20228:11296:0619/135316.921:ERROR:platform_sensor_reader_win.cc(244)] NOT IMPLEMENTED
6월 19, 2019 13:53:20.94 [20228:11296:0619/135320.944:ERROR:platform_sensor_reader_win.cc(244)] NOT IMPLEMENTED

6월 20, 2019 09:45:24.54 NEW SESSION
6월 20, 2019 09:45:24.54 [14708:9976:0620/094524.545:ERROR:http_bridge.cc(110)] NOT IMPLEMENTED
6월 20, 2019 09:45:24.59 [14708:10768:0620/094524.597:ERROR:browser_process_sub_thread.cc(221)] Waited 19 ms for network service
6월 20, 2019 09:45:24.65 
6월 20, 2019 09:45:24.65 KLIB_SelfTest return : KLR_OK
6월 20, 2019 09:47:24.29 [12860:11172:0620/094724.292:ERROR:http_bridge.cc(110)] NOT IMPLEMENTED
6월 20, 2019 09:47:24.33 [12860:13148:0620/094724.339:ERROR:browser_process_sub_thread.cc(221)] Waited 21 ms for network service
6월 20, 2019 09:47:24.39 
6월 20, 2019 09:47:24.40 KLIB_SelfTest return : KLR_OK
6월 20, 2019 09:48:01.87 [2604:19560:0620/094801.874:ERROR:http_bridge.cc(110)] NOT IMPLEMENTED
6월 20, 2019 09:48:01.92 [2604:16592:0620/094801.926:ERROR:browser_process_sub_thread.cc(221)] Waited 20 ms for network service
6월 20, 2019 09:48:01.99 
6월 20, 2019 09:48:01.99 KLIB_SelfTest return : KLR_OK
6월 20, 2019 09:48:20.92 [7772:11200:0620/094820.923:ERROR:http_bridge.cc(110)] NOT IMPLEMENTED
6월 20, 2019 09:48:20.97 [7772:21368:0620/094820.975:ERROR:browser_process_sub_thread.cc(221)] Waited 18 ms for network service
6월 20, 2019 09:48:21.03 
6월 20, 2019 09:48:21.03 KLIB_SelfTest return : KLR_OK
6월 20, 2019 09:49:26.56 [19468:20780:0620/094926.564:ERROR:http_bridge.cc(110)] NOT IMPLEMENTED
6월 20, 2019 09:49:26.61 [19468:16960:0620/094926.617:ERROR:browser_process_sub_thread.cc(221)] Waited 21 ms for network service
6월 20, 2019 09:49:26.68 
6월 20, 2019 09:49:26.68 KLIB_SelfTest return : KLR_OK

6월 21, 2019 13:18:45.62 NEW SESSION
6월 21, 2019 13:18:45.62 [3544:10380:0621/131845.621:ERROR:http_bridge.cc(110)] NOT IMPLEMENTED
6월 21, 2019 13:18:45.67 [3544:10576:0621/131845.671:ERROR:browser_process_sub_thread.cc(221)] Waited 15 ms for network service
6월 21, 2019 13:18:45.75 
6월 21, 2019 13:18:45.75 KLIB_SelfTest return : KLR_OK
6월 21, 2019 13:57:07.79 [13772:13484:0621/135707.799:ERROR:platform_sensor_reader_win.cc(244)] NOT IMPLEMENTED

6월 25, 2019 12:18:43.86 NEW SESSION
6월 25, 2019 12:18:43.86 [15232:16952:0625/121843.861:ERROR:http_bridge.cc(110)] NOT IMPLEMENTED
6월 25, 2019 12:18:43.91 [15232:13772:0625/121843.914:ERROR:browser_process_sub_thread.cc(221)] Waited 24 ms for network service
6월 25, 2019 12:18:43.98 
6월 25, 2019 12:18:43.98 KLIB_SelfTest return : KLR_OK
6월 25, 2019 13:20:26.07 [13720:5432:0625/132026.074:ERROR:http_bridge.cc(110)] NOT IMPLEMENTED
6월 25, 2019 13:20:26.11 [13720:12324:0625/132026.119:ERROR:browser_process_sub_thread.cc(221)] Waited 17 ms for network service
6월 25, 2019 13:20:26.19 
6월 25, 2019 13:20:26.19 KLIB_SelfTest return : KLR_OK

6월 26, 2019 14:08:16.14 NEW SESSION
6월 26, 2019 14:08:16.15 [18028:8220:0626/140816.144:ERROR:http_bridge.cc(110)] NOT IMPLEMENTED
6월 26, 2019 14:08:16.18 [18028:14948:0626/140816.183:ERROR:browser_process_sub_thread.cc(221)] Waited 9 ms for network service
6월 26, 2019 14:08:16.24 
6월 26, 2019 14:08:16.25 KLIB_SelfTest return : KLR_OK

6월 27, 2019 13:56:26.07 NEW SESSION
6월 27, 2019 13:56:26.07 [6632:10144:0627/135626.071:ERROR:http_bridge.cc(110)] NOT IMPLEMENTED
6월 27, 2019 13:56:26.10 [6632:11484:0627/135626.107:ERROR:browser_process_sub_thread.cc(221)] Waited 15 ms for network service
6월 27, 2019 13:56:26.16 
6월 27, 2019 13:56:26.16 KLIB_SelfTest return : KLR_OK

6월 28, 2019 12:28:12.17 NEW SESSION
6월 28, 2019 12:28:12.17 [2492:3980:0628/122812.157:ERROR:socket_stream.cc(219)] Closing stream with result -2

7월 01, 2019 09:27:54.94 NEW SESSION
7월 01, 2019 09:27:54.94 [13664:19716:0701/092754.945:ERROR:browser_process_sub_thread.cc(221)] Waited 16 ms for network service
7월 01, 2019 09:27:55.00 
7월 01, 2019 09:27:55.01 KLIB_SelfTest return : KLR_OK
7월 01, 2019 12:54:47.17 [4744:11504:0701/125447.174:ERROR:browser_process_sub_thread.cc(221)] Waited 22 ms for network service
7월 01, 2019 12:54:47.23 
7월 01, 2019 12:54:47.23 KLIB_SelfTest return : KLR_OK

7월 02, 2019 14:29:14.00 NEW SESSION
7월 02, 2019 14:29:14.00 [13108:4204:0702/142914.002:ERROR:service_manager_context.cc(242)] Attempting to run unsupported native service: C:\Program Files (x86)\Google\Chrome\Application\75.0.3770.100\content_browser.service.exe
7월 02, 2019 14:29:14.02 [13108:4204:0702/142914.002:ERROR:service_manager_context.cc(242)] Attempting to run unsupported native service: C:\Program Files (x86)\Google\Chrome\Application\75.0.3770.100\content_browser.service.exe
7월 02, 2019 14:29:14.02 [13108:4204:0702/142914.002:ERROR:service_manager_context.cc(242)] Attempting to run unsupported native service: C:\Program Files (x86)\Google\Chrome\Application\75.0.3770.100\content_browser.service.exe
7월 02, 2019 14:29:14.03 [13108:4204:0702/142914.002:ERROR:service_manager_context.cc(242)] Attempting to run unsupported native service: C:\Program Files (x86)\Google\Chrome\Application\75.0.3770.100\content_browser.service.exe
7월 02, 2019 14:29:14.03 [13108:4204:0702/142914.002:ERROR:service_manager_context.cc(242)] Attempting to run unsupported native service: C:\Program Files (x86)\Google\Chrome\Application\75.0.3770.100\content_browser.service.exe
7월 02, 2019 14:29:14.04 [13108:4204:0702/142914.002:ERROR:service_manager_context.cc(242)] Attempting to run unsupported native service: C:\Program Files (x86)\Google\Chrome\Application\75.0.3770.100\content_browser.service.exe
7월 02, 2019 14:29:14.04 [13108:4204:0702/142914.003:ERROR:service_manager_context.cc(242)] Attempting to run unsupported native service: C:\Program Files (x86)\Google\Chrome\Application\75.0.3770.100\content_browser.service.exe
7월 02, 2019 14:29:14.04 [13108:4204:0702/142914.003:ERROR:service_manager_context.cc(242)] Attempting to run unsupported native service: C:\Program Files (x86)\Google\Chrome\Application\75.0.3770.100\content_browser.service.exe
7월 02, 2019 14:29:14.05 [13108:4204:0702/142914.003:ERROR:service_manager_context.cc(242)] Attempting to run unsupported native service: C:\Program Files (x86)\Google\Chrome\Application\75.0.3770.100\content_browser.service.exe
7월 02, 2019 14:29:14.05 [13108:4204:0702/142914.003:ERROR:service_manager_context.cc(242)] Attempting to run unsupported native service: C:\Program Files (x86)\Google\Chrome\Application\75.0.3770.100\content_browser.service.exe
7월 02, 2019 14:29:14.06 [13108:4204:0702/142914.036:ERROR:browser_process_sub_thread.cc(221)] Waited 28 ms for network service
7월 02, 2019 14:29:14.14 
7월 02, 2019 14:29:14.15 KLIB_SelfTest return : KLR_OK

7월 03, 2019 10:38:19.82 NEW SESSION
7월 03, 2019 10:38:19.82 [11240:21084:0703/103819.824:ERROR:browser_process_sub_thread.cc(221)] Waited 18 ms for network service
7월 03, 2019 10:38:19.88 
7월 03, 2019 10:38:19.89 KLIB_SelfTest return : KLR_OK

7월 03, 2019 10:42:43.89 NEW SESSION
7월 03, 2019 10:42:43.89 [20168:15768:0703/104243.891:ERROR:browser_process_sub_thread.cc(221)] Waited 21 ms for network service
7월 03, 2019 10:42:43.94 
7월 03, 2019 10:42:43.94 KLIB_SelfTest return : KLR_OK
7월 03, 2019 10:42:55.79 [6896:4744:0703/104255.797:ERROR:browser_process_sub_thread.cc(221)] Waited 28 ms for network service
7월 03, 2019 10:42:55.85 
7월 03, 2019 10:42:55.86 KLIB_SelfTest return : KLR_OK
7월 03, 2019 10:44:00.72 [15676:21320:0703/104400.727:ERROR:browser_process_sub_thread.cc(221)] Waited 9 ms for network service
7월 03, 2019 10:44:00.79 
7월 03, 2019 10:44:00.79 KLIB_SelfTest return : KLR_OK
7월 03, 2019 11:30:28.77 [14552:5776:0703/113028.775:ERROR:browser_process_sub_thread.cc(221)] Waited 21 ms for network service
7월 03, 2019 11:30:28.84 
7월 03, 2019 11:30:28.85 KLIB_SelfTest return : KLR_OK
7월 03, 2019 12:26:57.44 [17808:6988:0703/122657.440:ERROR:browser_process_sub_thread.cc(221)] Waited 22 ms for network service
7월 03, 2019 12:26:57.53 
7월 03, 2019 12:26:57.54 KLIB_SelfTest return : KLR_OK

7월 04, 2019 10:42:29.26 NEW SESSION
7월 04, 2019 10:42:29.26 [1956:15628:0704/104229.247:ERROR:browser_process_sub_thread.cc(221)] Waited 12 ms for network service
7월 04, 2019 10:42:29.32 
7월 04, 2019 10:42:29.33 KLIB_SelfTest return : KLR_OK
7월 04, 2019 11:21:07.12 [7056:8184:0704/112107.127:ERROR:browser_process_sub_thread.cc(221)] Waited 16 ms for network service
7월 04, 2019 11:21:07.18 
7월 04, 2019 11:21:07.19 KLIB_SelfTest return : KLR_OK
7월 04, 2019 11:34:38.66 [2128:19216:0704/113438.668:ERROR:browser_process_sub_thread.cc(221)] Waited 17 ms for network service
7월 04, 2019 11:34:38.73 
7월 04, 2019 11:34:38.73 KLIB_SelfTest return : KLR_OK
7월 04, 2019 11:37:14.62 [19464:21036:0704/113714.627:ERROR:browser_process_sub_thread.cc(221)] Waited 14 ms for network service
7월 04, 2019 11:37:14.67 
7월 04, 2019 11:37:14.67 KLIB_SelfTest return : KLR_OK
7월 04, 2019 11:50:48.64 [19044:21396:0704/115048.644:ERROR:browser_process_sub_thread.cc(221)] Waited 7 ms for network service
7월 04, 2019 11:50:48.70 
7월 04, 2019 11:50:48.71 KLIB_SelfTest return : KLR_OK
7월 04, 2019 13:59:13.96 [12984:10748:0704/135913.967:ERROR:browser_process_sub_thread.cc(221)] Waited 16 ms for network service
7월 04, 2019 13:59:14.03 
7월 04, 2019 13:59:14.03 KLIB_SelfTest return : KLR_OK

7월 05, 2019 09:40:04.38 NEW SESSION
7월 05, 2019 09:40:04.38 [12316:20496:0705/094004.383:ERROR:browser_process_sub_thread.cc(221)] Waited 9 ms for network service
7월 05, 2019 09:40:04.45 
7월 05, 2019 09:40:04.45 KLIB_SelfTest return : KLR_OK
7월 05, 2019 09:42:59.93 [4812:15640:0705/094259.936:ERROR:browser_process_sub_thread.cc(221)] Waited 9 ms for network service
7월 05, 2019 09:42:59.99 
7월 05, 2019 09:43:00.00 KLIB_SelfTest return : KLR_OK
7월 05, 2019 09:55:33.16 [17776:6172:0705/095533.166:ERROR:browser_process_sub_thread.cc(221)] Waited 12 ms for network service
7월 05, 2019 09:55:33.23 
7월 05, 2019 09:55:33.23 KLIB_SelfTest return : KLR_OK
7월 05, 2019 10:37:55.52 [17144:16412:0705/103755.528:ERROR:browser_process_sub_thread.cc(221)] Waited 15 ms for network service
7월 05, 2019 10:37:55.59 
7월 05, 2019 10:37:55.60 KLIB_SelfTest return : KLR_OK
7월 05, 2019 10:51:49.58 [12112:10392:0705/105149.582:ERROR:browser_process_sub_thread.cc(221)] Waited 11 ms for network service
7월 05, 2019 10:51:49.64 
7월 05, 2019 10:51:49.65 KLIB_SelfTest return : KLR_OK
7월 05, 2019 11:21:57.86 [15996:15192:0705/112157.862:ERROR:browser_process_sub_thread.cc(221)] Waited 10 ms for network service
7월 05, 2019 11:21:57.96 
7월 05, 2019 11:21:57.96 KLIB_SelfTest return : KLR_OK
7월 05, 2019 11:42:59.78 [5748:11232:0705/114259.781:ERROR:platform_sensor_reader_win.cc(244)] NOT IMPLEMENTED
7월 05, 2019 11:53:18.94 [5748:7232:0705/115318.946:ERROR:browser_process_sub_thread.cc(221)] Waited 11 ms for network service
7월 05, 2019 11:53:19.01 
7월 05, 2019 11:53:19.01 KLIB_SelfTest return : KLR_OK
7월 05, 2019 13:19:19.87 [18944:15848:0705/131919.873:ERROR:browser_process_sub_thread.cc(221)] Waited 21 ms for network service
7월 05, 2019 13:19:19.94 
7월 05, 2019 13:19:19.94 KLIB_SelfTest return : KLR_OK
